{
  "Timestamp": "2025-11-18T19:22:03.4236110\u002B00:00",
  "ExceptionType": "QuizValidationException",
  "Message": "Quiz must contain at least one question.",
  "StackTrace": "   at backend.Services.QuizService.ValidateQuiz(Quiz quiz) in /Users/daimis/Programing/PSI/PSI-trivia-2025/backend/Services/QuizService.cs:line 40\n   at backend.Services.QuizService.CreateQuizAsync(Quiz quiz) in /Users/daimis/Programing/PSI/PSI-trivia-2025/backend/Services/QuizService.cs:line 147\n   at backend.Controllers.QuizController.Create(CreateQuizRequest request) in /Users/daimis/Programing/PSI/PSI-trivia-2025/backend/Controllers/QuizController.cs:line 97\n   at Microsoft.AspNetCore.Mvc.Infrastructure.ActionMethodExecutor.TaskOfIActionResultExecutor.Execute(ActionContext actionContext, IActionResultTypeMapper mapper, ObjectMethodExecutor executor, Object controller, Object[] arguments)\n   at Microsoft.AspNetCore.Mvc.Infrastructure.ControllerActionInvoker.\u003CInvokeActionMethodAsync\u003Eg__Awaited|12_0(ControllerActionInvoker invoker, ValueTask\u00601 actionResultValueTask)\n   at Microsoft.AspNetCore.Mvc.Infrastructure.ControllerActionInvoker.\u003CInvokeNextActionFilterAsync\u003Eg__Awaited|10_0(ControllerActionInvoker invoker, Task lastTask, State next, Scope scope, Object state, Boolean isCompleted)\n   at Microsoft.AspNetCore.Mvc.Infrastructure.ControllerActionInvoker.Rethrow(ActionExecutedContextSealed context)\n   at Microsoft.AspNetCore.Mvc.Infrastructure.ControllerActionInvoker.Next(State\u0026 next, Scope\u0026 scope, Object\u0026 state, Boolean\u0026 isCompleted)\n   at Microsoft.AspNetCore.Mvc.Infrastructure.ControllerActionInvoker.InvokeInnerFilterAsync()\n--- End of stack trace from previous location ---\n   at Microsoft.AspNetCore.Mvc.Infrastructure.ResourceInvoker.\u003CInvokeFilterPipelineAsync\u003Eg__Awaited|20_0(ResourceInvoker invoker, Task lastTask, State next, Scope scope, Object state, Boolean isCompleted)\n   at Microsoft.AspNetCore.Mvc.Infrastructure.ResourceInvoker.\u003CInvokeAsync\u003Eg__Awaited|17_0(ResourceInvoker invoker, Task task, IDisposable scope)\n   at Microsoft.AspNetCore.Mvc.Infrastructure.ResourceInvoker.\u003CInvokeAsync\u003Eg__Awaited|17_0(ResourceInvoker invoker, Task task, IDisposable scope)\n   at Microsoft.AspNetCore.Authorization.AuthorizationMiddleware.Invoke(HttpContext context)\n   at Microsoft.AspNetCore.Authentication.AuthenticationMiddleware.Invoke(HttpContext context)\n   at Swashbuckle.AspNetCore.SwaggerUI.SwaggerUIMiddleware.Invoke(HttpContext httpContext)\n   at Swashbuckle.AspNetCore.Swagger.SwaggerMiddleware.Invoke(HttpContext httpContext, ISwaggerProvider swaggerProvider)\n   at backend.Middleware.ExceptionLoggingMiddleware.InvokeAsync(HttpContext context) in /Users/daimis/Programing/PSI/PSI-trivia-2025/backend/Middleware/ExceptionLoggingMiddleware.cs:line 29",
  "Path": "/api/quizzes/my",
  "Method": "POST",
  "QueryString": "",
  "UserId": "test123",
  "AdditionalInfo": {
    "ValidationField": "Questions",
    "InvalidValue": 0
  }
}
---
{
  "Timestamp": "2025-11-18T19:22:06.6323370\u002B00:00",
  "ExceptionType": "QuizValidationException",
  "Message": "Quiz must contain at least one question.",
  "StackTrace": "   at backend.Services.QuizService.ValidateQuiz(Quiz quiz) in /Users/daimis/Programing/PSI/PSI-trivia-2025/backend/Services/QuizService.cs:line 40\n   at backend.Services.QuizService.CreateQuizAsync(Quiz quiz) in /Users/daimis/Programing/PSI/PSI-trivia-2025/backend/Services/QuizService.cs:line 147\n   at backend.Controllers.QuizController.Create(CreateQuizRequest request) in /Users/daimis/Programing/PSI/PSI-trivia-2025/backend/Controllers/QuizController.cs:line 97\n   at Microsoft.AspNetCore.Mvc.Infrastructure.ActionMethodExecutor.TaskOfIActionResultExecutor.Execute(ActionContext actionContext, IActionResultTypeMapper mapper, ObjectMethodExecutor executor, Object controller, Object[] arguments)\n   at Microsoft.AspNetCore.Mvc.Infrastructure.ControllerActionInvoker.\u003CInvokeActionMethodAsync\u003Eg__Awaited|12_0(ControllerActionInvoker invoker, ValueTask\u00601 actionResultValueTask)\n   at Microsoft.AspNetCore.Mvc.Infrastructure.ControllerActionInvoker.\u003CInvokeNextActionFilterAsync\u003Eg__Awaited|10_0(ControllerActionInvoker invoker, Task lastTask, State next, Scope scope, Object state, Boolean isCompleted)\n   at Microsoft.AspNetCore.Mvc.Infrastructure.ControllerActionInvoker.Rethrow(ActionExecutedContextSealed context)\n   at Microsoft.AspNetCore.Mvc.Infrastructure.ControllerActionInvoker.Next(State\u0026 next, Scope\u0026 scope, Object\u0026 state, Boolean\u0026 isCompleted)\n   at Microsoft.AspNetCore.Mvc.Infrastructure.ControllerActionInvoker.InvokeInnerFilterAsync()\n--- End of stack trace from previous location ---\n   at Microsoft.AspNetCore.Mvc.Infrastructure.ResourceInvoker.\u003CInvokeFilterPipelineAsync\u003Eg__Awaited|20_0(ResourceInvoker invoker, Task lastTask, State next, Scope scope, Object state, Boolean isCompleted)\n   at Microsoft.AspNetCore.Mvc.Infrastructure.ResourceInvoker.\u003CInvokeAsync\u003Eg__Awaited|17_0(ResourceInvoker invoker, Task task, IDisposable scope)\n   at Microsoft.AspNetCore.Mvc.Infrastructure.ResourceInvoker.\u003CInvokeAsync\u003Eg__Awaited|17_0(ResourceInvoker invoker, Task task, IDisposable scope)\n   at Microsoft.AspNetCore.Authorization.AuthorizationMiddleware.Invoke(HttpContext context)\n   at Microsoft.AspNetCore.Authentication.AuthenticationMiddleware.Invoke(HttpContext context)\n   at Swashbuckle.AspNetCore.SwaggerUI.SwaggerUIMiddleware.Invoke(HttpContext httpContext)\n   at Swashbuckle.AspNetCore.Swagger.SwaggerMiddleware.Invoke(HttpContext httpContext, ISwaggerProvider swaggerProvider)\n   at backend.Middleware.ExceptionLoggingMiddleware.InvokeAsync(HttpContext context) in /Users/daimis/Programing/PSI/PSI-trivia-2025/backend/Middleware/ExceptionLoggingMiddleware.cs:line 29",
  "Path": "/api/quizzes/my",
  "Method": "POST",
  "QueryString": "",
  "UserId": "test123",
  "AdditionalInfo": {
    "ValidationField": "Questions",
    "InvalidValue": 0
  }
}
---
{
  "Timestamp": "2025-11-18T19:22:07.1600070\u002B00:00",
  "ExceptionType": "QuizValidationException",
  "Message": "Quiz must contain at least one question.",
  "StackTrace": "   at backend.Services.QuizService.ValidateQuiz(Quiz quiz) in /Users/daimis/Programing/PSI/PSI-trivia-2025/backend/Services/QuizService.cs:line 40\n   at backend.Services.QuizService.CreateQuizAsync(Quiz quiz) in /Users/daimis/Programing/PSI/PSI-trivia-2025/backend/Services/QuizService.cs:line 147\n   at backend.Controllers.QuizController.Create(CreateQuizRequest request) in /Users/daimis/Programing/PSI/PSI-trivia-2025/backend/Controllers/QuizController.cs:line 97\n   at Microsoft.AspNetCore.Mvc.Infrastructure.ActionMethodExecutor.TaskOfIActionResultExecutor.Execute(ActionContext actionContext, IActionResultTypeMapper mapper, ObjectMethodExecutor executor, Object controller, Object[] arguments)\n   at Microsoft.AspNetCore.Mvc.Infrastructure.ControllerActionInvoker.\u003CInvokeActionMethodAsync\u003Eg__Awaited|12_0(ControllerActionInvoker invoker, ValueTask\u00601 actionResultValueTask)\n   at Microsoft.AspNetCore.Mvc.Infrastructure.ControllerActionInvoker.\u003CInvokeNextActionFilterAsync\u003Eg__Awaited|10_0(ControllerActionInvoker invoker, Task lastTask, State next, Scope scope, Object state, Boolean isCompleted)\n   at Microsoft.AspNetCore.Mvc.Infrastructure.ControllerActionInvoker.Rethrow(ActionExecutedContextSealed context)\n   at Microsoft.AspNetCore.Mvc.Infrastructure.ControllerActionInvoker.Next(State\u0026 next, Scope\u0026 scope, Object\u0026 state, Boolean\u0026 isCompleted)\n   at Microsoft.AspNetCore.Mvc.Infrastructure.ControllerActionInvoker.InvokeInnerFilterAsync()\n--- End of stack trace from previous location ---\n   at Microsoft.AspNetCore.Mvc.Infrastructure.ResourceInvoker.\u003CInvokeFilterPipelineAsync\u003Eg__Awaited|20_0(ResourceInvoker invoker, Task lastTask, State next, Scope scope, Object state, Boolean isCompleted)\n   at Microsoft.AspNetCore.Mvc.Infrastructure.ResourceInvoker.\u003CInvokeAsync\u003Eg__Awaited|17_0(ResourceInvoker invoker, Task task, IDisposable scope)\n   at Microsoft.AspNetCore.Mvc.Infrastructure.ResourceInvoker.\u003CInvokeAsync\u003Eg__Awaited|17_0(ResourceInvoker invoker, Task task, IDisposable scope)\n   at Microsoft.AspNetCore.Authorization.AuthorizationMiddleware.Invoke(HttpContext context)\n   at Microsoft.AspNetCore.Authentication.AuthenticationMiddleware.Invoke(HttpContext context)\n   at Swashbuckle.AspNetCore.SwaggerUI.SwaggerUIMiddleware.Invoke(HttpContext httpContext)\n   at Swashbuckle.AspNetCore.Swagger.SwaggerMiddleware.Invoke(HttpContext httpContext, ISwaggerProvider swaggerProvider)\n   at backend.Middleware.ExceptionLoggingMiddleware.InvokeAsync(HttpContext context) in /Users/daimis/Programing/PSI/PSI-trivia-2025/backend/Middleware/ExceptionLoggingMiddleware.cs:line 29",
  "Path": "/api/quizzes/my",
  "Method": "POST",
  "QueryString": "",
  "UserId": "test123",
  "AdditionalInfo": {
    "ValidationField": "Questions",
    "InvalidValue": 0
  }
}
---
{
  "Timestamp": "2025-11-18T19:22:07.3251710\u002B00:00",
  "ExceptionType": "QuizValidationException",
  "Message": "Quiz must contain at least one question.",
  "StackTrace": "   at backend.Services.QuizService.ValidateQuiz(Quiz quiz) in /Users/daimis/Programing/PSI/PSI-trivia-2025/backend/Services/QuizService.cs:line 40\n   at backend.Services.QuizService.CreateQuizAsync(Quiz quiz) in /Users/daimis/Programing/PSI/PSI-trivia-2025/backend/Services/QuizService.cs:line 147\n   at backend.Controllers.QuizController.Create(CreateQuizRequest request) in /Users/daimis/Programing/PSI/PSI-trivia-2025/backend/Controllers/QuizController.cs:line 97\n   at Microsoft.AspNetCore.Mvc.Infrastructure.ActionMethodExecutor.TaskOfIActionResultExecutor.Execute(ActionContext actionContext, IActionResultTypeMapper mapper, ObjectMethodExecutor executor, Object controller, Object[] arguments)\n   at Microsoft.AspNetCore.Mvc.Infrastructure.ControllerActionInvoker.\u003CInvokeActionMethodAsync\u003Eg__Awaited|12_0(ControllerActionInvoker invoker, ValueTask\u00601 actionResultValueTask)\n   at Microsoft.AspNetCore.Mvc.Infrastructure.ControllerActionInvoker.\u003CInvokeNextActionFilterAsync\u003Eg__Awaited|10_0(ControllerActionInvoker invoker, Task lastTask, State next, Scope scope, Object state, Boolean isCompleted)\n   at Microsoft.AspNetCore.Mvc.Infrastructure.ControllerActionInvoker.Rethrow(ActionExecutedContextSealed context)\n   at Microsoft.AspNetCore.Mvc.Infrastructure.ControllerActionInvoker.Next(State\u0026 next, Scope\u0026 scope, Object\u0026 state, Boolean\u0026 isCompleted)\n   at Microsoft.AspNetCore.Mvc.Infrastructure.ControllerActionInvoker.InvokeInnerFilterAsync()\n--- End of stack trace from previous location ---\n   at Microsoft.AspNetCore.Mvc.Infrastructure.ResourceInvoker.\u003CInvokeFilterPipelineAsync\u003Eg__Awaited|20_0(ResourceInvoker invoker, Task lastTask, State next, Scope scope, Object state, Boolean isCompleted)\n   at Microsoft.AspNetCore.Mvc.Infrastructure.ResourceInvoker.\u003CInvokeAsync\u003Eg__Awaited|17_0(ResourceInvoker invoker, Task task, IDisposable scope)\n   at Microsoft.AspNetCore.Mvc.Infrastructure.ResourceInvoker.\u003CInvokeAsync\u003Eg__Awaited|17_0(ResourceInvoker invoker, Task task, IDisposable scope)\n   at Microsoft.AspNetCore.Authorization.AuthorizationMiddleware.Invoke(HttpContext context)\n   at Microsoft.AspNetCore.Authentication.AuthenticationMiddleware.Invoke(HttpContext context)\n   at Swashbuckle.AspNetCore.SwaggerUI.SwaggerUIMiddleware.Invoke(HttpContext httpContext)\n   at Swashbuckle.AspNetCore.Swagger.SwaggerMiddleware.Invoke(HttpContext httpContext, ISwaggerProvider swaggerProvider)\n   at backend.Middleware.ExceptionLoggingMiddleware.InvokeAsync(HttpContext context) in /Users/daimis/Programing/PSI/PSI-trivia-2025/backend/Middleware/ExceptionLoggingMiddleware.cs:line 29",
  "Path": "/api/quizzes/my",
  "Method": "POST",
  "QueryString": "",
  "UserId": "test123",
  "AdditionalInfo": {
    "ValidationField": "Questions",
    "InvalidValue": 0
  }
}
---
{
  "Timestamp": "2025-11-18T19:22:07.4618360\u002B00:00",
  "ExceptionType": "QuizValidationException",
  "Message": "Quiz must contain at least one question.",
  "StackTrace": "   at backend.Services.QuizService.ValidateQuiz(Quiz quiz) in /Users/daimis/Programing/PSI/PSI-trivia-2025/backend/Services/QuizService.cs:line 40\n   at backend.Services.QuizService.CreateQuizAsync(Quiz quiz) in /Users/daimis/Programing/PSI/PSI-trivia-2025/backend/Services/QuizService.cs:line 147\n   at backend.Controllers.QuizController.Create(CreateQuizRequest request) in /Users/daimis/Programing/PSI/PSI-trivia-2025/backend/Controllers/QuizController.cs:line 97\n   at Microsoft.AspNetCore.Mvc.Infrastructure.ActionMethodExecutor.TaskOfIActionResultExecutor.Execute(ActionContext actionContext, IActionResultTypeMapper mapper, ObjectMethodExecutor executor, Object controller, Object[] arguments)\n   at Microsoft.AspNetCore.Mvc.Infrastructure.ControllerActionInvoker.\u003CInvokeActionMethodAsync\u003Eg__Awaited|12_0(ControllerActionInvoker invoker, ValueTask\u00601 actionResultValueTask)\n   at Microsoft.AspNetCore.Mvc.Infrastructure.ControllerActionInvoker.\u003CInvokeNextActionFilterAsync\u003Eg__Awaited|10_0(ControllerActionInvoker invoker, Task lastTask, State next, Scope scope, Object state, Boolean isCompleted)\n   at Microsoft.AspNetCore.Mvc.Infrastructure.ControllerActionInvoker.Rethrow(ActionExecutedContextSealed context)\n   at Microsoft.AspNetCore.Mvc.Infrastructure.ControllerActionInvoker.Next(State\u0026 next, Scope\u0026 scope, Object\u0026 state, Boolean\u0026 isCompleted)\n   at Microsoft.AspNetCore.Mvc.Infrastructure.ControllerActionInvoker.InvokeInnerFilterAsync()\n--- End of stack trace from previous location ---\n   at Microsoft.AspNetCore.Mvc.Infrastructure.ResourceInvoker.\u003CInvokeFilterPipelineAsync\u003Eg__Awaited|20_0(ResourceInvoker invoker, Task lastTask, State next, Scope scope, Object state, Boolean isCompleted)\n   at Microsoft.AspNetCore.Mvc.Infrastructure.ResourceInvoker.\u003CInvokeAsync\u003Eg__Awaited|17_0(ResourceInvoker invoker, Task task, IDisposable scope)\n   at Microsoft.AspNetCore.Mvc.Infrastructure.ResourceInvoker.\u003CInvokeAsync\u003Eg__Awaited|17_0(ResourceInvoker invoker, Task task, IDisposable scope)\n   at Microsoft.AspNetCore.Authorization.AuthorizationMiddleware.Invoke(HttpContext context)\n   at Microsoft.AspNetCore.Authentication.AuthenticationMiddleware.Invoke(HttpContext context)\n   at Swashbuckle.AspNetCore.SwaggerUI.SwaggerUIMiddleware.Invoke(HttpContext httpContext)\n   at Swashbuckle.AspNetCore.Swagger.SwaggerMiddleware.Invoke(HttpContext httpContext, ISwaggerProvider swaggerProvider)\n   at backend.Middleware.ExceptionLoggingMiddleware.InvokeAsync(HttpContext context) in /Users/daimis/Programing/PSI/PSI-trivia-2025/backend/Middleware/ExceptionLoggingMiddleware.cs:line 29",
  "Path": "/api/quizzes/my",
  "Method": "POST",
  "QueryString": "",
  "UserId": "test123",
  "AdditionalInfo": {
    "ValidationField": "Questions",
    "InvalidValue": 0
  }
}
---
{
  "Timestamp": "2025-11-18T19:22:07.6311590\u002B00:00",
  "ExceptionType": "QuizValidationException",
  "Message": "Quiz must contain at least one question.",
  "StackTrace": "   at backend.Services.QuizService.ValidateQuiz(Quiz quiz) in /Users/daimis/Programing/PSI/PSI-trivia-2025/backend/Services/QuizService.cs:line 40\n   at backend.Services.QuizService.CreateQuizAsync(Quiz quiz) in /Users/daimis/Programing/PSI/PSI-trivia-2025/backend/Services/QuizService.cs:line 147\n   at backend.Controllers.QuizController.Create(CreateQuizRequest request) in /Users/daimis/Programing/PSI/PSI-trivia-2025/backend/Controllers/QuizController.cs:line 97\n   at Microsoft.AspNetCore.Mvc.Infrastructure.ActionMethodExecutor.TaskOfIActionResultExecutor.Execute(ActionContext actionContext, IActionResultTypeMapper mapper, ObjectMethodExecutor executor, Object controller, Object[] arguments)\n   at Microsoft.AspNetCore.Mvc.Infrastructure.ControllerActionInvoker.\u003CInvokeActionMethodAsync\u003Eg__Awaited|12_0(ControllerActionInvoker invoker, ValueTask\u00601 actionResultValueTask)\n   at Microsoft.AspNetCore.Mvc.Infrastructure.ControllerActionInvoker.\u003CInvokeNextActionFilterAsync\u003Eg__Awaited|10_0(ControllerActionInvoker invoker, Task lastTask, State next, Scope scope, Object state, Boolean isCompleted)\n   at Microsoft.AspNetCore.Mvc.Infrastructure.ControllerActionInvoker.Rethrow(ActionExecutedContextSealed context)\n   at Microsoft.AspNetCore.Mvc.Infrastructure.ControllerActionInvoker.Next(State\u0026 next, Scope\u0026 scope, Object\u0026 state, Boolean\u0026 isCompleted)\n   at Microsoft.AspNetCore.Mvc.Infrastructure.ControllerActionInvoker.InvokeInnerFilterAsync()\n--- End of stack trace from previous location ---\n   at Microsoft.AspNetCore.Mvc.Infrastructure.ResourceInvoker.\u003CInvokeFilterPipelineAsync\u003Eg__Awaited|20_0(ResourceInvoker invoker, Task lastTask, State next, Scope scope, Object state, Boolean isCompleted)\n   at Microsoft.AspNetCore.Mvc.Infrastructure.ResourceInvoker.\u003CInvokeAsync\u003Eg__Awaited|17_0(ResourceInvoker invoker, Task task, IDisposable scope)\n   at Microsoft.AspNetCore.Mvc.Infrastructure.ResourceInvoker.\u003CInvokeAsync\u003Eg__Awaited|17_0(ResourceInvoker invoker, Task task, IDisposable scope)\n   at Microsoft.AspNetCore.Authorization.AuthorizationMiddleware.Invoke(HttpContext context)\n   at Microsoft.AspNetCore.Authentication.AuthenticationMiddleware.Invoke(HttpContext context)\n   at Swashbuckle.AspNetCore.SwaggerUI.SwaggerUIMiddleware.Invoke(HttpContext httpContext)\n   at Swashbuckle.AspNetCore.Swagger.SwaggerMiddleware.Invoke(HttpContext httpContext, ISwaggerProvider swaggerProvider)\n   at backend.Middleware.ExceptionLoggingMiddleware.InvokeAsync(HttpContext context) in /Users/daimis/Programing/PSI/PSI-trivia-2025/backend/Middleware/ExceptionLoggingMiddleware.cs:line 29",
  "Path": "/api/quizzes/my",
  "Method": "POST",
  "QueryString": "",
  "UserId": "test123",
  "AdditionalInfo": {
    "ValidationField": "Questions",
    "InvalidValue": 0
  }
}
---
{
  "Timestamp": "2025-11-18T19:22:27.2015070\u002B00:00",
  "ExceptionType": "QuizValidationException",
  "Message": "Quiz must contain at least one question.",
  "StackTrace": "   at backend.Services.QuizService.ValidateQuiz(Quiz quiz) in /Users/daimis/Programing/PSI/PSI-trivia-2025/backend/Services/QuizService.cs:line 40\n   at backend.Services.QuizService.CreateQuizAsync(Quiz quiz) in /Users/daimis/Programing/PSI/PSI-trivia-2025/backend/Services/QuizService.cs:line 147\n   at backend.Controllers.QuizController.Create(CreateQuizRequest request) in /Users/daimis/Programing/PSI/PSI-trivia-2025/backend/Controllers/QuizController.cs:line 97\n   at Microsoft.AspNetCore.Mvc.Infrastructure.ActionMethodExecutor.TaskOfIActionResultExecutor.Execute(ActionContext actionContext, IActionResultTypeMapper mapper, ObjectMethodExecutor executor, Object controller, Object[] arguments)\n   at Microsoft.AspNetCore.Mvc.Infrastructure.ControllerActionInvoker.\u003CInvokeActionMethodAsync\u003Eg__Awaited|12_0(ControllerActionInvoker invoker, ValueTask\u00601 actionResultValueTask)\n   at Microsoft.AspNetCore.Mvc.Infrastructure.ControllerActionInvoker.\u003CInvokeNextActionFilterAsync\u003Eg__Awaited|10_0(ControllerActionInvoker invoker, Task lastTask, State next, Scope scope, Object state, Boolean isCompleted)\n   at Microsoft.AspNetCore.Mvc.Infrastructure.ControllerActionInvoker.Rethrow(ActionExecutedContextSealed context)\n   at Microsoft.AspNetCore.Mvc.Infrastructure.ControllerActionInvoker.Next(State\u0026 next, Scope\u0026 scope, Object\u0026 state, Boolean\u0026 isCompleted)\n   at Microsoft.AspNetCore.Mvc.Infrastructure.ControllerActionInvoker.InvokeInnerFilterAsync()\n--- End of stack trace from previous location ---\n   at Microsoft.AspNetCore.Mvc.Infrastructure.ResourceInvoker.\u003CInvokeFilterPipelineAsync\u003Eg__Awaited|20_0(ResourceInvoker invoker, Task lastTask, State next, Scope scope, Object state, Boolean isCompleted)\n   at Microsoft.AspNetCore.Mvc.Infrastructure.ResourceInvoker.\u003CInvokeAsync\u003Eg__Awaited|17_0(ResourceInvoker invoker, Task task, IDisposable scope)\n   at Microsoft.AspNetCore.Mvc.Infrastructure.ResourceInvoker.\u003CInvokeAsync\u003Eg__Awaited|17_0(ResourceInvoker invoker, Task task, IDisposable scope)\n   at Microsoft.AspNetCore.Authorization.AuthorizationMiddleware.Invoke(HttpContext context)\n   at Microsoft.AspNetCore.Authentication.AuthenticationMiddleware.Invoke(HttpContext context)\n   at Swashbuckle.AspNetCore.SwaggerUI.SwaggerUIMiddleware.Invoke(HttpContext httpContext)\n   at Swashbuckle.AspNetCore.Swagger.SwaggerMiddleware.Invoke(HttpContext httpContext, ISwaggerProvider swaggerProvider)\n   at backend.Middleware.ExceptionLoggingMiddleware.InvokeAsync(HttpContext context) in /Users/daimis/Programing/PSI/PSI-trivia-2025/backend/Middleware/ExceptionLoggingMiddleware.cs:line 29",
  "Path": "/api/quizzes/my",
  "Method": "POST",
  "QueryString": "",
  "UserId": "test123",
  "AdditionalInfo": {
    "ValidationField": "Questions",
    "InvalidValue": 0
  }
}
---
{
  "Timestamp": "2025-11-18T19:22:28.9655680\u002B00:00",
  "ExceptionType": "QuizValidationException",
  "Message": "Quiz must contain at least one question.",
  "StackTrace": "   at backend.Services.QuizService.ValidateQuiz(Quiz quiz) in /Users/daimis/Programing/PSI/PSI-trivia-2025/backend/Services/QuizService.cs:line 40\n   at backend.Services.QuizService.CreateQuizAsync(Quiz quiz) in /Users/daimis/Programing/PSI/PSI-trivia-2025/backend/Services/QuizService.cs:line 147\n   at backend.Controllers.QuizController.Create(CreateQuizRequest request) in /Users/daimis/Programing/PSI/PSI-trivia-2025/backend/Controllers/QuizController.cs:line 97\n   at Microsoft.AspNetCore.Mvc.Infrastructure.ActionMethodExecutor.TaskOfIActionResultExecutor.Execute(ActionContext actionContext, IActionResultTypeMapper mapper, ObjectMethodExecutor executor, Object controller, Object[] arguments)\n   at Microsoft.AspNetCore.Mvc.Infrastructure.ControllerActionInvoker.\u003CInvokeActionMethodAsync\u003Eg__Awaited|12_0(ControllerActionInvoker invoker, ValueTask\u00601 actionResultValueTask)\n   at Microsoft.AspNetCore.Mvc.Infrastructure.ControllerActionInvoker.\u003CInvokeNextActionFilterAsync\u003Eg__Awaited|10_0(ControllerActionInvoker invoker, Task lastTask, State next, Scope scope, Object state, Boolean isCompleted)\n   at Microsoft.AspNetCore.Mvc.Infrastructure.ControllerActionInvoker.Rethrow(ActionExecutedContextSealed context)\n   at Microsoft.AspNetCore.Mvc.Infrastructure.ControllerActionInvoker.Next(State\u0026 next, Scope\u0026 scope, Object\u0026 state, Boolean\u0026 isCompleted)\n   at Microsoft.AspNetCore.Mvc.Infrastructure.ControllerActionInvoker.InvokeInnerFilterAsync()\n--- End of stack trace from previous location ---\n   at Microsoft.AspNetCore.Mvc.Infrastructure.ResourceInvoker.\u003CInvokeFilterPipelineAsync\u003Eg__Awaited|20_0(ResourceInvoker invoker, Task lastTask, State next, Scope scope, Object state, Boolean isCompleted)\n   at Microsoft.AspNetCore.Mvc.Infrastructure.ResourceInvoker.\u003CInvokeAsync\u003Eg__Awaited|17_0(ResourceInvoker invoker, Task task, IDisposable scope)\n   at Microsoft.AspNetCore.Mvc.Infrastructure.ResourceInvoker.\u003CInvokeAsync\u003Eg__Awaited|17_0(ResourceInvoker invoker, Task task, IDisposable scope)\n   at Microsoft.AspNetCore.Authorization.AuthorizationMiddleware.Invoke(HttpContext context)\n   at Microsoft.AspNetCore.Authentication.AuthenticationMiddleware.Invoke(HttpContext context)\n   at Swashbuckle.AspNetCore.SwaggerUI.SwaggerUIMiddleware.Invoke(HttpContext httpContext)\n   at Swashbuckle.AspNetCore.Swagger.SwaggerMiddleware.Invoke(HttpContext httpContext, ISwaggerProvider swaggerProvider)\n   at backend.Middleware.ExceptionLoggingMiddleware.InvokeAsync(HttpContext context) in /Users/daimis/Programing/PSI/PSI-trivia-2025/backend/Middleware/ExceptionLoggingMiddleware.cs:line 29",
  "Path": "/api/quizzes/my",
  "Method": "POST",
  "QueryString": "",
  "UserId": "test123",
  "AdditionalInfo": {
    "ValidationField": "Questions",
    "InvalidValue": 0
  }
}
---
{
  "Timestamp": "2025-11-18T19:22:29.7162130\u002B00:00",
  "ExceptionType": "QuizValidationException",
  "Message": "Quiz must contain at least one question.",
  "StackTrace": "   at backend.Services.QuizService.ValidateQuiz(Quiz quiz) in /Users/daimis/Programing/PSI/PSI-trivia-2025/backend/Services/QuizService.cs:line 40\n   at backend.Services.QuizService.CreateQuizAsync(Quiz quiz) in /Users/daimis/Programing/PSI/PSI-trivia-2025/backend/Services/QuizService.cs:line 147\n   at backend.Controllers.QuizController.Create(CreateQuizRequest request) in /Users/daimis/Programing/PSI/PSI-trivia-2025/backend/Controllers/QuizController.cs:line 97\n   at Microsoft.AspNetCore.Mvc.Infrastructure.ActionMethodExecutor.TaskOfIActionResultExecutor.Execute(ActionContext actionContext, IActionResultTypeMapper mapper, ObjectMethodExecutor executor, Object controller, Object[] arguments)\n   at Microsoft.AspNetCore.Mvc.Infrastructure.ControllerActionInvoker.\u003CInvokeActionMethodAsync\u003Eg__Awaited|12_0(ControllerActionInvoker invoker, ValueTask\u00601 actionResultValueTask)\n   at Microsoft.AspNetCore.Mvc.Infrastructure.ControllerActionInvoker.\u003CInvokeNextActionFilterAsync\u003Eg__Awaited|10_0(ControllerActionInvoker invoker, Task lastTask, State next, Scope scope, Object state, Boolean isCompleted)\n   at Microsoft.AspNetCore.Mvc.Infrastructure.ControllerActionInvoker.Rethrow(ActionExecutedContextSealed context)\n   at Microsoft.AspNetCore.Mvc.Infrastructure.ControllerActionInvoker.Next(State\u0026 next, Scope\u0026 scope, Object\u0026 state, Boolean\u0026 isCompleted)\n   at Microsoft.AspNetCore.Mvc.Infrastructure.ControllerActionInvoker.InvokeInnerFilterAsync()\n--- End of stack trace from previous location ---\n   at Microsoft.AspNetCore.Mvc.Infrastructure.ResourceInvoker.\u003CInvokeFilterPipelineAsync\u003Eg__Awaited|20_0(ResourceInvoker invoker, Task lastTask, State next, Scope scope, Object state, Boolean isCompleted)\n   at Microsoft.AspNetCore.Mvc.Infrastructure.ResourceInvoker.\u003CInvokeAsync\u003Eg__Awaited|17_0(ResourceInvoker invoker, Task task, IDisposable scope)\n   at Microsoft.AspNetCore.Mvc.Infrastructure.ResourceInvoker.\u003CInvokeAsync\u003Eg__Awaited|17_0(ResourceInvoker invoker, Task task, IDisposable scope)\n   at Microsoft.AspNetCore.Authorization.AuthorizationMiddleware.Invoke(HttpContext context)\n   at Microsoft.AspNetCore.Authentication.AuthenticationMiddleware.Invoke(HttpContext context)\n   at Swashbuckle.AspNetCore.SwaggerUI.SwaggerUIMiddleware.Invoke(HttpContext httpContext)\n   at Swashbuckle.AspNetCore.Swagger.SwaggerMiddleware.Invoke(HttpContext httpContext, ISwaggerProvider swaggerProvider)\n   at backend.Middleware.ExceptionLoggingMiddleware.InvokeAsync(HttpContext context) in /Users/daimis/Programing/PSI/PSI-trivia-2025/backend/Middleware/ExceptionLoggingMiddleware.cs:line 29",
  "Path": "/api/quizzes/my",
  "Method": "POST",
  "QueryString": "",
  "UserId": "test123",
  "AdditionalInfo": {
    "ValidationField": "Questions",
    "InvalidValue": 0
  }
}
---
{
  "Timestamp": "2025-11-18T19:22:30.1158240\u002B00:00",
  "ExceptionType": "QuizValidationException",
  "Message": "Quiz must contain at least one question.",
  "StackTrace": "   at backend.Services.QuizService.ValidateQuiz(Quiz quiz) in /Users/daimis/Programing/PSI/PSI-trivia-2025/backend/Services/QuizService.cs:line 40\n   at backend.Services.QuizService.CreateQuizAsync(Quiz quiz) in /Users/daimis/Programing/PSI/PSI-trivia-2025/backend/Services/QuizService.cs:line 147\n   at backend.Controllers.QuizController.Create(CreateQuizRequest request) in /Users/daimis/Programing/PSI/PSI-trivia-2025/backend/Controllers/QuizController.cs:line 97\n   at Microsoft.AspNetCore.Mvc.Infrastructure.ActionMethodExecutor.TaskOfIActionResultExecutor.Execute(ActionContext actionContext, IActionResultTypeMapper mapper, ObjectMethodExecutor executor, Object controller, Object[] arguments)\n   at Microsoft.AspNetCore.Mvc.Infrastructure.ControllerActionInvoker.\u003CInvokeActionMethodAsync\u003Eg__Awaited|12_0(ControllerActionInvoker invoker, ValueTask\u00601 actionResultValueTask)\n   at Microsoft.AspNetCore.Mvc.Infrastructure.ControllerActionInvoker.\u003CInvokeNextActionFilterAsync\u003Eg__Awaited|10_0(ControllerActionInvoker invoker, Task lastTask, State next, Scope scope, Object state, Boolean isCompleted)\n   at Microsoft.AspNetCore.Mvc.Infrastructure.ControllerActionInvoker.Rethrow(ActionExecutedContextSealed context)\n   at Microsoft.AspNetCore.Mvc.Infrastructure.ControllerActionInvoker.Next(State\u0026 next, Scope\u0026 scope, Object\u0026 state, Boolean\u0026 isCompleted)\n   at Microsoft.AspNetCore.Mvc.Infrastructure.ControllerActionInvoker.InvokeInnerFilterAsync()\n--- End of stack trace from previous location ---\n   at Microsoft.AspNetCore.Mvc.Infrastructure.ResourceInvoker.\u003CInvokeFilterPipelineAsync\u003Eg__Awaited|20_0(ResourceInvoker invoker, Task lastTask, State next, Scope scope, Object state, Boolean isCompleted)\n   at Microsoft.AspNetCore.Mvc.Infrastructure.ResourceInvoker.\u003CInvokeAsync\u003Eg__Awaited|17_0(ResourceInvoker invoker, Task task, IDisposable scope)\n   at Microsoft.AspNetCore.Mvc.Infrastructure.ResourceInvoker.\u003CInvokeAsync\u003Eg__Awaited|17_0(ResourceInvoker invoker, Task task, IDisposable scope)\n   at Microsoft.AspNetCore.Authorization.AuthorizationMiddleware.Invoke(HttpContext context)\n   at Microsoft.AspNetCore.Authentication.AuthenticationMiddleware.Invoke(HttpContext context)\n   at Swashbuckle.AspNetCore.SwaggerUI.SwaggerUIMiddleware.Invoke(HttpContext httpContext)\n   at Swashbuckle.AspNetCore.Swagger.SwaggerMiddleware.Invoke(HttpContext httpContext, ISwaggerProvider swaggerProvider)\n   at backend.Middleware.ExceptionLoggingMiddleware.InvokeAsync(HttpContext context) in /Users/daimis/Programing/PSI/PSI-trivia-2025/backend/Middleware/ExceptionLoggingMiddleware.cs:line 29",
  "Path": "/api/quizzes/my",
  "Method": "POST",
  "QueryString": "",
  "UserId": "test123",
  "AdditionalInfo": {
    "ValidationField": "Questions",
    "InvalidValue": 0
  }
}
---
{
  "Timestamp": "2025-11-18T19:22:34.5489350\u002B00:00",
  "ExceptionType": "QuizValidationException",
  "Message": "Quiz must contain at least one question.",
  "StackTrace": "   at backend.Services.QuizService.ValidateQuiz(Quiz quiz) in /Users/daimis/Programing/PSI/PSI-trivia-2025/backend/Services/QuizService.cs:line 40\n   at backend.Services.QuizService.CreateQuizAsync(Quiz quiz) in /Users/daimis/Programing/PSI/PSI-trivia-2025/backend/Services/QuizService.cs:line 147\n   at backend.Controllers.QuizController.Create(CreateQuizRequest request) in /Users/daimis/Programing/PSI/PSI-trivia-2025/backend/Controllers/QuizController.cs:line 97\n   at Microsoft.AspNetCore.Mvc.Infrastructure.ActionMethodExecutor.TaskOfIActionResultExecutor.Execute(ActionContext actionContext, IActionResultTypeMapper mapper, ObjectMethodExecutor executor, Object controller, Object[] arguments)\n   at Microsoft.AspNetCore.Mvc.Infrastructure.ControllerActionInvoker.\u003CInvokeActionMethodAsync\u003Eg__Awaited|12_0(ControllerActionInvoker invoker, ValueTask\u00601 actionResultValueTask)\n   at Microsoft.AspNetCore.Mvc.Infrastructure.ControllerActionInvoker.\u003CInvokeNextActionFilterAsync\u003Eg__Awaited|10_0(ControllerActionInvoker invoker, Task lastTask, State next, Scope scope, Object state, Boolean isCompleted)\n   at Microsoft.AspNetCore.Mvc.Infrastructure.ControllerActionInvoker.Rethrow(ActionExecutedContextSealed context)\n   at Microsoft.AspNetCore.Mvc.Infrastructure.ControllerActionInvoker.Next(State\u0026 next, Scope\u0026 scope, Object\u0026 state, Boolean\u0026 isCompleted)\n   at Microsoft.AspNetCore.Mvc.Infrastructure.ControllerActionInvoker.InvokeInnerFilterAsync()\n--- End of stack trace from previous location ---\n   at Microsoft.AspNetCore.Mvc.Infrastructure.ResourceInvoker.\u003CInvokeFilterPipelineAsync\u003Eg__Awaited|20_0(ResourceInvoker invoker, Task lastTask, State next, Scope scope, Object state, Boolean isCompleted)\n   at Microsoft.AspNetCore.Mvc.Infrastructure.ResourceInvoker.\u003CInvokeAsync\u003Eg__Awaited|17_0(ResourceInvoker invoker, Task task, IDisposable scope)\n   at Microsoft.AspNetCore.Mvc.Infrastructure.ResourceInvoker.\u003CInvokeAsync\u003Eg__Awaited|17_0(ResourceInvoker invoker, Task task, IDisposable scope)\n   at Microsoft.AspNetCore.Authorization.AuthorizationMiddleware.Invoke(HttpContext context)\n   at Microsoft.AspNetCore.Authentication.AuthenticationMiddleware.Invoke(HttpContext context)\n   at Swashbuckle.AspNetCore.SwaggerUI.SwaggerUIMiddleware.Invoke(HttpContext httpContext)\n   at Swashbuckle.AspNetCore.Swagger.SwaggerMiddleware.Invoke(HttpContext httpContext, ISwaggerProvider swaggerProvider)\n   at backend.Middleware.ExceptionLoggingMiddleware.InvokeAsync(HttpContext context) in /Users/daimis/Programing/PSI/PSI-trivia-2025/backend/Middleware/ExceptionLoggingMiddleware.cs:line 29",
  "Path": "/api/quizzes/my",
  "Method": "POST",
  "QueryString": "",
  "UserId": "test123",
  "AdditionalInfo": {
    "ValidationField": "Questions",
    "InvalidValue": 0
  }
}
---
{
  "Timestamp": "2025-11-18T19:22:34.8850490\u002B00:00",
  "ExceptionType": "QuizValidationException",
  "Message": "Quiz must contain at least one question.",
  "StackTrace": "   at backend.Services.QuizService.ValidateQuiz(Quiz quiz) in /Users/daimis/Programing/PSI/PSI-trivia-2025/backend/Services/QuizService.cs:line 40\n   at backend.Services.QuizService.CreateQuizAsync(Quiz quiz) in /Users/daimis/Programing/PSI/PSI-trivia-2025/backend/Services/QuizService.cs:line 147\n   at backend.Controllers.QuizController.Create(CreateQuizRequest request) in /Users/daimis/Programing/PSI/PSI-trivia-2025/backend/Controllers/QuizController.cs:line 97\n   at Microsoft.AspNetCore.Mvc.Infrastructure.ActionMethodExecutor.TaskOfIActionResultExecutor.Execute(ActionContext actionContext, IActionResultTypeMapper mapper, ObjectMethodExecutor executor, Object controller, Object[] arguments)\n   at Microsoft.AspNetCore.Mvc.Infrastructure.ControllerActionInvoker.\u003CInvokeActionMethodAsync\u003Eg__Awaited|12_0(ControllerActionInvoker invoker, ValueTask\u00601 actionResultValueTask)\n   at Microsoft.AspNetCore.Mvc.Infrastructure.ControllerActionInvoker.\u003CInvokeNextActionFilterAsync\u003Eg__Awaited|10_0(ControllerActionInvoker invoker, Task lastTask, State next, Scope scope, Object state, Boolean isCompleted)\n   at Microsoft.AspNetCore.Mvc.Infrastructure.ControllerActionInvoker.Rethrow(ActionExecutedContextSealed context)\n   at Microsoft.AspNetCore.Mvc.Infrastructure.ControllerActionInvoker.Next(State\u0026 next, Scope\u0026 scope, Object\u0026 state, Boolean\u0026 isCompleted)\n   at Microsoft.AspNetCore.Mvc.Infrastructure.ControllerActionInvoker.InvokeInnerFilterAsync()\n--- End of stack trace from previous location ---\n   at Microsoft.AspNetCore.Mvc.Infrastructure.ResourceInvoker.\u003CInvokeFilterPipelineAsync\u003Eg__Awaited|20_0(ResourceInvoker invoker, Task lastTask, State next, Scope scope, Object state, Boolean isCompleted)\n   at Microsoft.AspNetCore.Mvc.Infrastructure.ResourceInvoker.\u003CInvokeAsync\u003Eg__Awaited|17_0(ResourceInvoker invoker, Task task, IDisposable scope)\n   at Microsoft.AspNetCore.Mvc.Infrastructure.ResourceInvoker.\u003CInvokeAsync\u003Eg__Awaited|17_0(ResourceInvoker invoker, Task task, IDisposable scope)\n   at Microsoft.AspNetCore.Authorization.AuthorizationMiddleware.Invoke(HttpContext context)\n   at Microsoft.AspNetCore.Authentication.AuthenticationMiddleware.Invoke(HttpContext context)\n   at Swashbuckle.AspNetCore.SwaggerUI.SwaggerUIMiddleware.Invoke(HttpContext httpContext)\n   at Swashbuckle.AspNetCore.Swagger.SwaggerMiddleware.Invoke(HttpContext httpContext, ISwaggerProvider swaggerProvider)\n   at backend.Middleware.ExceptionLoggingMiddleware.InvokeAsync(HttpContext context) in /Users/daimis/Programing/PSI/PSI-trivia-2025/backend/Middleware/ExceptionLoggingMiddleware.cs:line 29",
  "Path": "/api/quizzes/my",
  "Method": "POST",
  "QueryString": "",
  "UserId": "test123",
  "AdditionalInfo": {
    "ValidationField": "Questions",
    "InvalidValue": 0
  }
}
---
{
  "Timestamp": "2025-11-18T19:22:35.0927230\u002B00:00",
  "ExceptionType": "QuizValidationException",
  "Message": "Quiz must contain at least one question.",
  "StackTrace": "   at backend.Services.QuizService.ValidateQuiz(Quiz quiz) in /Users/daimis/Programing/PSI/PSI-trivia-2025/backend/Services/QuizService.cs:line 40\n   at backend.Services.QuizService.CreateQuizAsync(Quiz quiz) in /Users/daimis/Programing/PSI/PSI-trivia-2025/backend/Services/QuizService.cs:line 147\n   at backend.Controllers.QuizController.Create(CreateQuizRequest request) in /Users/daimis/Programing/PSI/PSI-trivia-2025/backend/Controllers/QuizController.cs:line 97\n   at Microsoft.AspNetCore.Mvc.Infrastructure.ActionMethodExecutor.TaskOfIActionResultExecutor.Execute(ActionContext actionContext, IActionResultTypeMapper mapper, ObjectMethodExecutor executor, Object controller, Object[] arguments)\n   at Microsoft.AspNetCore.Mvc.Infrastructure.ControllerActionInvoker.\u003CInvokeActionMethodAsync\u003Eg__Awaited|12_0(ControllerActionInvoker invoker, ValueTask\u00601 actionResultValueTask)\n   at Microsoft.AspNetCore.Mvc.Infrastructure.ControllerActionInvoker.\u003CInvokeNextActionFilterAsync\u003Eg__Awaited|10_0(ControllerActionInvoker invoker, Task lastTask, State next, Scope scope, Object state, Boolean isCompleted)\n   at Microsoft.AspNetCore.Mvc.Infrastructure.ControllerActionInvoker.Rethrow(ActionExecutedContextSealed context)\n   at Microsoft.AspNetCore.Mvc.Infrastructure.ControllerActionInvoker.Next(State\u0026 next, Scope\u0026 scope, Object\u0026 state, Boolean\u0026 isCompleted)\n   at Microsoft.AspNetCore.Mvc.Infrastructure.ControllerActionInvoker.InvokeInnerFilterAsync()\n--- End of stack trace from previous location ---\n   at Microsoft.AspNetCore.Mvc.Infrastructure.ResourceInvoker.\u003CInvokeFilterPipelineAsync\u003Eg__Awaited|20_0(ResourceInvoker invoker, Task lastTask, State next, Scope scope, Object state, Boolean isCompleted)\n   at Microsoft.AspNetCore.Mvc.Infrastructure.ResourceInvoker.\u003CInvokeAsync\u003Eg__Awaited|17_0(ResourceInvoker invoker, Task task, IDisposable scope)\n   at Microsoft.AspNetCore.Mvc.Infrastructure.ResourceInvoker.\u003CInvokeAsync\u003Eg__Awaited|17_0(ResourceInvoker invoker, Task task, IDisposable scope)\n   at Microsoft.AspNetCore.Authorization.AuthorizationMiddleware.Invoke(HttpContext context)\n   at Microsoft.AspNetCore.Authentication.AuthenticationMiddleware.Invoke(HttpContext context)\n   at Swashbuckle.AspNetCore.SwaggerUI.SwaggerUIMiddleware.Invoke(HttpContext httpContext)\n   at Swashbuckle.AspNetCore.Swagger.SwaggerMiddleware.Invoke(HttpContext httpContext, ISwaggerProvider swaggerProvider)\n   at backend.Middleware.ExceptionLoggingMiddleware.InvokeAsync(HttpContext context) in /Users/daimis/Programing/PSI/PSI-trivia-2025/backend/Middleware/ExceptionLoggingMiddleware.cs:line 29",
  "Path": "/api/quizzes/my",
  "Method": "POST",
  "QueryString": "",
  "UserId": "test123",
  "AdditionalInfo": {
    "ValidationField": "Questions",
    "InvalidValue": 0
  }
}
---
{
  "Timestamp": "2025-11-18T19:22:35.2450880\u002B00:00",
  "ExceptionType": "QuizValidationException",
  "Message": "Quiz must contain at least one question.",
  "StackTrace": "   at backend.Services.QuizService.ValidateQuiz(Quiz quiz) in /Users/daimis/Programing/PSI/PSI-trivia-2025/backend/Services/QuizService.cs:line 40\n   at backend.Services.QuizService.CreateQuizAsync(Quiz quiz) in /Users/daimis/Programing/PSI/PSI-trivia-2025/backend/Services/QuizService.cs:line 147\n   at backend.Controllers.QuizController.Create(CreateQuizRequest request) in /Users/daimis/Programing/PSI/PSI-trivia-2025/backend/Controllers/QuizController.cs:line 97\n   at Microsoft.AspNetCore.Mvc.Infrastructure.ActionMethodExecutor.TaskOfIActionResultExecutor.Execute(ActionContext actionContext, IActionResultTypeMapper mapper, ObjectMethodExecutor executor, Object controller, Object[] arguments)\n   at Microsoft.AspNetCore.Mvc.Infrastructure.ControllerActionInvoker.\u003CInvokeActionMethodAsync\u003Eg__Awaited|12_0(ControllerActionInvoker invoker, ValueTask\u00601 actionResultValueTask)\n   at Microsoft.AspNetCore.Mvc.Infrastructure.ControllerActionInvoker.\u003CInvokeNextActionFilterAsync\u003Eg__Awaited|10_0(ControllerActionInvoker invoker, Task lastTask, State next, Scope scope, Object state, Boolean isCompleted)\n   at Microsoft.AspNetCore.Mvc.Infrastructure.ControllerActionInvoker.Rethrow(ActionExecutedContextSealed context)\n   at Microsoft.AspNetCore.Mvc.Infrastructure.ControllerActionInvoker.Next(State\u0026 next, Scope\u0026 scope, Object\u0026 state, Boolean\u0026 isCompleted)\n   at Microsoft.AspNetCore.Mvc.Infrastructure.ControllerActionInvoker.InvokeInnerFilterAsync()\n--- End of stack trace from previous location ---\n   at Microsoft.AspNetCore.Mvc.Infrastructure.ResourceInvoker.\u003CInvokeFilterPipelineAsync\u003Eg__Awaited|20_0(ResourceInvoker invoker, Task lastTask, State next, Scope scope, Object state, Boolean isCompleted)\n   at Microsoft.AspNetCore.Mvc.Infrastructure.ResourceInvoker.\u003CInvokeAsync\u003Eg__Awaited|17_0(ResourceInvoker invoker, Task task, IDisposable scope)\n   at Microsoft.AspNetCore.Mvc.Infrastructure.ResourceInvoker.\u003CInvokeAsync\u003Eg__Awaited|17_0(ResourceInvoker invoker, Task task, IDisposable scope)\n   at Microsoft.AspNetCore.Authorization.AuthorizationMiddleware.Invoke(HttpContext context)\n   at Microsoft.AspNetCore.Authentication.AuthenticationMiddleware.Invoke(HttpContext context)\n   at Swashbuckle.AspNetCore.SwaggerUI.SwaggerUIMiddleware.Invoke(HttpContext httpContext)\n   at Swashbuckle.AspNetCore.Swagger.SwaggerMiddleware.Invoke(HttpContext httpContext, ISwaggerProvider swaggerProvider)\n   at backend.Middleware.ExceptionLoggingMiddleware.InvokeAsync(HttpContext context) in /Users/daimis/Programing/PSI/PSI-trivia-2025/backend/Middleware/ExceptionLoggingMiddleware.cs:line 29",
  "Path": "/api/quizzes/my",
  "Method": "POST",
  "QueryString": "",
  "UserId": "test123",
  "AdditionalInfo": {
    "ValidationField": "Questions",
    "InvalidValue": 0
  }
}
---
{
  "Timestamp": "2025-11-18T19:22:35.3826610\u002B00:00",
  "ExceptionType": "QuizValidationException",
  "Message": "Quiz must contain at least one question.",
  "StackTrace": "   at backend.Services.QuizService.ValidateQuiz(Quiz quiz) in /Users/daimis/Programing/PSI/PSI-trivia-2025/backend/Services/QuizService.cs:line 40\n   at backend.Services.QuizService.CreateQuizAsync(Quiz quiz) in /Users/daimis/Programing/PSI/PSI-trivia-2025/backend/Services/QuizService.cs:line 147\n   at backend.Controllers.QuizController.Create(CreateQuizRequest request) in /Users/daimis/Programing/PSI/PSI-trivia-2025/backend/Controllers/QuizController.cs:line 97\n   at Microsoft.AspNetCore.Mvc.Infrastructure.ActionMethodExecutor.TaskOfIActionResultExecutor.Execute(ActionContext actionContext, IActionResultTypeMapper mapper, ObjectMethodExecutor executor, Object controller, Object[] arguments)\n   at Microsoft.AspNetCore.Mvc.Infrastructure.ControllerActionInvoker.\u003CInvokeActionMethodAsync\u003Eg__Awaited|12_0(ControllerActionInvoker invoker, ValueTask\u00601 actionResultValueTask)\n   at Microsoft.AspNetCore.Mvc.Infrastructure.ControllerActionInvoker.\u003CInvokeNextActionFilterAsync\u003Eg__Awaited|10_0(ControllerActionInvoker invoker, Task lastTask, State next, Scope scope, Object state, Boolean isCompleted)\n   at Microsoft.AspNetCore.Mvc.Infrastructure.ControllerActionInvoker.Rethrow(ActionExecutedContextSealed context)\n   at Microsoft.AspNetCore.Mvc.Infrastructure.ControllerActionInvoker.Next(State\u0026 next, Scope\u0026 scope, Object\u0026 state, Boolean\u0026 isCompleted)\n   at Microsoft.AspNetCore.Mvc.Infrastructure.ControllerActionInvoker.InvokeInnerFilterAsync()\n--- End of stack trace from previous location ---\n   at Microsoft.AspNetCore.Mvc.Infrastructure.ResourceInvoker.\u003CInvokeFilterPipelineAsync\u003Eg__Awaited|20_0(ResourceInvoker invoker, Task lastTask, State next, Scope scope, Object state, Boolean isCompleted)\n   at Microsoft.AspNetCore.Mvc.Infrastructure.ResourceInvoker.\u003CInvokeAsync\u003Eg__Awaited|17_0(ResourceInvoker invoker, Task task, IDisposable scope)\n   at Microsoft.AspNetCore.Mvc.Infrastructure.ResourceInvoker.\u003CInvokeAsync\u003Eg__Awaited|17_0(ResourceInvoker invoker, Task task, IDisposable scope)\n   at Microsoft.AspNetCore.Authorization.AuthorizationMiddleware.Invoke(HttpContext context)\n   at Microsoft.AspNetCore.Authentication.AuthenticationMiddleware.Invoke(HttpContext context)\n   at Swashbuckle.AspNetCore.SwaggerUI.SwaggerUIMiddleware.Invoke(HttpContext httpContext)\n   at Swashbuckle.AspNetCore.Swagger.SwaggerMiddleware.Invoke(HttpContext httpContext, ISwaggerProvider swaggerProvider)\n   at backend.Middleware.ExceptionLoggingMiddleware.InvokeAsync(HttpContext context) in /Users/daimis/Programing/PSI/PSI-trivia-2025/backend/Middleware/ExceptionLoggingMiddleware.cs:line 29",
  "Path": "/api/quizzes/my",
  "Method": "POST",
  "QueryString": "",
  "UserId": "test123",
  "AdditionalInfo": {
    "ValidationField": "Questions",
    "InvalidValue": 0
  }
}
---
{
  "Timestamp": "2025-11-18T19:23:52.3167570\u002B00:00",
  "ExceptionType": "QuizValidationException",
  "Message": "Quiz must contain at least one question.",
  "StackTrace": "   at backend.Services.QuizService.ValidateQuiz(Quiz quiz) in /Users/daimis/Programing/PSI/PSI-trivia-2025/backend/Services/QuizService.cs:line 40\n   at backend.Services.QuizService.CreateQuizAsync(Quiz quiz) in /Users/daimis/Programing/PSI/PSI-trivia-2025/backend/Services/QuizService.cs:line 147\n   at backend.Controllers.QuizController.Create(CreateQuizRequest request) in /Users/daimis/Programing/PSI/PSI-trivia-2025/backend/Controllers/QuizController.cs:line 97\n   at Microsoft.AspNetCore.Mvc.Infrastructure.ActionMethodExecutor.TaskOfIActionResultExecutor.Execute(ActionContext actionContext, IActionResultTypeMapper mapper, ObjectMethodExecutor executor, Object controller, Object[] arguments)\n   at Microsoft.AspNetCore.Mvc.Infrastructure.ControllerActionInvoker.\u003CInvokeActionMethodAsync\u003Eg__Awaited|12_0(ControllerActionInvoker invoker, ValueTask\u00601 actionResultValueTask)\n   at Microsoft.AspNetCore.Mvc.Infrastructure.ControllerActionInvoker.\u003CInvokeNextActionFilterAsync\u003Eg__Awaited|10_0(ControllerActionInvoker invoker, Task lastTask, State next, Scope scope, Object state, Boolean isCompleted)\n   at Microsoft.AspNetCore.Mvc.Infrastructure.ControllerActionInvoker.Rethrow(ActionExecutedContextSealed context)\n   at Microsoft.AspNetCore.Mvc.Infrastructure.ControllerActionInvoker.Next(State\u0026 next, Scope\u0026 scope, Object\u0026 state, Boolean\u0026 isCompleted)\n   at Microsoft.AspNetCore.Mvc.Infrastructure.ControllerActionInvoker.InvokeInnerFilterAsync()\n--- End of stack trace from previous location ---\n   at Microsoft.AspNetCore.Mvc.Infrastructure.ResourceInvoker.\u003CInvokeFilterPipelineAsync\u003Eg__Awaited|20_0(ResourceInvoker invoker, Task lastTask, State next, Scope scope, Object state, Boolean isCompleted)\n   at Microsoft.AspNetCore.Mvc.Infrastructure.ResourceInvoker.\u003CInvokeAsync\u003Eg__Awaited|17_0(ResourceInvoker invoker, Task task, IDisposable scope)\n   at Microsoft.AspNetCore.Mvc.Infrastructure.ResourceInvoker.\u003CInvokeAsync\u003Eg__Awaited|17_0(ResourceInvoker invoker, Task task, IDisposable scope)\n   at Microsoft.AspNetCore.Authorization.AuthorizationMiddleware.Invoke(HttpContext context)\n   at Microsoft.AspNetCore.Authentication.AuthenticationMiddleware.Invoke(HttpContext context)\n   at Swashbuckle.AspNetCore.SwaggerUI.SwaggerUIMiddleware.Invoke(HttpContext httpContext)\n   at Swashbuckle.AspNetCore.Swagger.SwaggerMiddleware.Invoke(HttpContext httpContext, ISwaggerProvider swaggerProvider)\n   at backend.Middleware.ExceptionLoggingMiddleware.InvokeAsync(HttpContext context) in /Users/daimis/Programing/PSI/PSI-trivia-2025/backend/Middleware/ExceptionLoggingMiddleware.cs:line 29",
  "Path": "/api/quizzes/my",
  "Method": "POST",
  "QueryString": "",
  "UserId": "test123",
  "AdditionalInfo": {
    "ValidationField": "Questions",
    "InvalidValue": 0
  }
}
---
{
  "Timestamp": "2025-11-18T19:23:53.4224060\u002B00:00",
  "ExceptionType": "QuizValidationException",
  "Message": "Quiz must contain at least one question.",
  "StackTrace": "   at backend.Services.QuizService.ValidateQuiz(Quiz quiz) in /Users/daimis/Programing/PSI/PSI-trivia-2025/backend/Services/QuizService.cs:line 40\n   at backend.Services.QuizService.CreateQuizAsync(Quiz quiz) in /Users/daimis/Programing/PSI/PSI-trivia-2025/backend/Services/QuizService.cs:line 147\n   at backend.Controllers.QuizController.Create(CreateQuizRequest request) in /Users/daimis/Programing/PSI/PSI-trivia-2025/backend/Controllers/QuizController.cs:line 97\n   at Microsoft.AspNetCore.Mvc.Infrastructure.ActionMethodExecutor.TaskOfIActionResultExecutor.Execute(ActionContext actionContext, IActionResultTypeMapper mapper, ObjectMethodExecutor executor, Object controller, Object[] arguments)\n   at Microsoft.AspNetCore.Mvc.Infrastructure.ControllerActionInvoker.\u003CInvokeActionMethodAsync\u003Eg__Awaited|12_0(ControllerActionInvoker invoker, ValueTask\u00601 actionResultValueTask)\n   at Microsoft.AspNetCore.Mvc.Infrastructure.ControllerActionInvoker.\u003CInvokeNextActionFilterAsync\u003Eg__Awaited|10_0(ControllerActionInvoker invoker, Task lastTask, State next, Scope scope, Object state, Boolean isCompleted)\n   at Microsoft.AspNetCore.Mvc.Infrastructure.ControllerActionInvoker.Rethrow(ActionExecutedContextSealed context)\n   at Microsoft.AspNetCore.Mvc.Infrastructure.ControllerActionInvoker.Next(State\u0026 next, Scope\u0026 scope, Object\u0026 state, Boolean\u0026 isCompleted)\n   at Microsoft.AspNetCore.Mvc.Infrastructure.ControllerActionInvoker.InvokeInnerFilterAsync()\n--- End of stack trace from previous location ---\n   at Microsoft.AspNetCore.Mvc.Infrastructure.ResourceInvoker.\u003CInvokeFilterPipelineAsync\u003Eg__Awaited|20_0(ResourceInvoker invoker, Task lastTask, State next, Scope scope, Object state, Boolean isCompleted)\n   at Microsoft.AspNetCore.Mvc.Infrastructure.ResourceInvoker.\u003CInvokeAsync\u003Eg__Awaited|17_0(ResourceInvoker invoker, Task task, IDisposable scope)\n   at Microsoft.AspNetCore.Mvc.Infrastructure.ResourceInvoker.\u003CInvokeAsync\u003Eg__Awaited|17_0(ResourceInvoker invoker, Task task, IDisposable scope)\n   at Microsoft.AspNetCore.Authorization.AuthorizationMiddleware.Invoke(HttpContext context)\n   at Microsoft.AspNetCore.Authentication.AuthenticationMiddleware.Invoke(HttpContext context)\n   at Swashbuckle.AspNetCore.SwaggerUI.SwaggerUIMiddleware.Invoke(HttpContext httpContext)\n   at Swashbuckle.AspNetCore.Swagger.SwaggerMiddleware.Invoke(HttpContext httpContext, ISwaggerProvider swaggerProvider)\n   at backend.Middleware.ExceptionLoggingMiddleware.InvokeAsync(HttpContext context) in /Users/daimis/Programing/PSI/PSI-trivia-2025/backend/Middleware/ExceptionLoggingMiddleware.cs:line 29",
  "Path": "/api/quizzes/my",
  "Method": "POST",
  "QueryString": "",
  "UserId": "test123",
  "AdditionalInfo": {
    "ValidationField": "Questions",
    "InvalidValue": 0
  }
}
---
{
  "Timestamp": "2025-11-18T19:23:53.8321840\u002B00:00",
  "ExceptionType": "QuizValidationException",
  "Message": "Quiz must contain at least one question.",
  "StackTrace": "   at backend.Services.QuizService.ValidateQuiz(Quiz quiz) in /Users/daimis/Programing/PSI/PSI-trivia-2025/backend/Services/QuizService.cs:line 40\n   at backend.Services.QuizService.CreateQuizAsync(Quiz quiz) in /Users/daimis/Programing/PSI/PSI-trivia-2025/backend/Services/QuizService.cs:line 147\n   at backend.Controllers.QuizController.Create(CreateQuizRequest request) in /Users/daimis/Programing/PSI/PSI-trivia-2025/backend/Controllers/QuizController.cs:line 97\n   at Microsoft.AspNetCore.Mvc.Infrastructure.ActionMethodExecutor.TaskOfIActionResultExecutor.Execute(ActionContext actionContext, IActionResultTypeMapper mapper, ObjectMethodExecutor executor, Object controller, Object[] arguments)\n   at Microsoft.AspNetCore.Mvc.Infrastructure.ControllerActionInvoker.\u003CInvokeActionMethodAsync\u003Eg__Awaited|12_0(ControllerActionInvoker invoker, ValueTask\u00601 actionResultValueTask)\n   at Microsoft.AspNetCore.Mvc.Infrastructure.ControllerActionInvoker.\u003CInvokeNextActionFilterAsync\u003Eg__Awaited|10_0(ControllerActionInvoker invoker, Task lastTask, State next, Scope scope, Object state, Boolean isCompleted)\n   at Microsoft.AspNetCore.Mvc.Infrastructure.ControllerActionInvoker.Rethrow(ActionExecutedContextSealed context)\n   at Microsoft.AspNetCore.Mvc.Infrastructure.ControllerActionInvoker.Next(State\u0026 next, Scope\u0026 scope, Object\u0026 state, Boolean\u0026 isCompleted)\n   at Microsoft.AspNetCore.Mvc.Infrastructure.ControllerActionInvoker.InvokeInnerFilterAsync()\n--- End of stack trace from previous location ---\n   at Microsoft.AspNetCore.Mvc.Infrastructure.ResourceInvoker.\u003CInvokeFilterPipelineAsync\u003Eg__Awaited|20_0(ResourceInvoker invoker, Task lastTask, State next, Scope scope, Object state, Boolean isCompleted)\n   at Microsoft.AspNetCore.Mvc.Infrastructure.ResourceInvoker.\u003CInvokeAsync\u003Eg__Awaited|17_0(ResourceInvoker invoker, Task task, IDisposable scope)\n   at Microsoft.AspNetCore.Mvc.Infrastructure.ResourceInvoker.\u003CInvokeAsync\u003Eg__Awaited|17_0(ResourceInvoker invoker, Task task, IDisposable scope)\n   at Microsoft.AspNetCore.Authorization.AuthorizationMiddleware.Invoke(HttpContext context)\n   at Microsoft.AspNetCore.Authentication.AuthenticationMiddleware.Invoke(HttpContext context)\n   at Swashbuckle.AspNetCore.SwaggerUI.SwaggerUIMiddleware.Invoke(HttpContext httpContext)\n   at Swashbuckle.AspNetCore.Swagger.SwaggerMiddleware.Invoke(HttpContext httpContext, ISwaggerProvider swaggerProvider)\n   at backend.Middleware.ExceptionLoggingMiddleware.InvokeAsync(HttpContext context) in /Users/daimis/Programing/PSI/PSI-trivia-2025/backend/Middleware/ExceptionLoggingMiddleware.cs:line 29",
  "Path": "/api/quizzes/my",
  "Method": "POST",
  "QueryString": "",
  "UserId": "test123",
  "AdditionalInfo": {
    "ValidationField": "Questions",
    "InvalidValue": 0
  }
}
---
{
  "Timestamp": "2025-11-18T19:23:54.0116380\u002B00:00",
  "ExceptionType": "QuizValidationException",
  "Message": "Quiz must contain at least one question.",
  "StackTrace": "   at backend.Services.QuizService.ValidateQuiz(Quiz quiz) in /Users/daimis/Programing/PSI/PSI-trivia-2025/backend/Services/QuizService.cs:line 40\n   at backend.Services.QuizService.CreateQuizAsync(Quiz quiz) in /Users/daimis/Programing/PSI/PSI-trivia-2025/backend/Services/QuizService.cs:line 147\n   at backend.Controllers.QuizController.Create(CreateQuizRequest request) in /Users/daimis/Programing/PSI/PSI-trivia-2025/backend/Controllers/QuizController.cs:line 97\n   at Microsoft.AspNetCore.Mvc.Infrastructure.ActionMethodExecutor.TaskOfIActionResultExecutor.Execute(ActionContext actionContext, IActionResultTypeMapper mapper, ObjectMethodExecutor executor, Object controller, Object[] arguments)\n   at Microsoft.AspNetCore.Mvc.Infrastructure.ControllerActionInvoker.\u003CInvokeActionMethodAsync\u003Eg__Awaited|12_0(ControllerActionInvoker invoker, ValueTask\u00601 actionResultValueTask)\n   at Microsoft.AspNetCore.Mvc.Infrastructure.ControllerActionInvoker.\u003CInvokeNextActionFilterAsync\u003Eg__Awaited|10_0(ControllerActionInvoker invoker, Task lastTask, State next, Scope scope, Object state, Boolean isCompleted)\n   at Microsoft.AspNetCore.Mvc.Infrastructure.ControllerActionInvoker.Rethrow(ActionExecutedContextSealed context)\n   at Microsoft.AspNetCore.Mvc.Infrastructure.ControllerActionInvoker.Next(State\u0026 next, Scope\u0026 scope, Object\u0026 state, Boolean\u0026 isCompleted)\n   at Microsoft.AspNetCore.Mvc.Infrastructure.ControllerActionInvoker.InvokeInnerFilterAsync()\n--- End of stack trace from previous location ---\n   at Microsoft.AspNetCore.Mvc.Infrastructure.ResourceInvoker.\u003CInvokeFilterPipelineAsync\u003Eg__Awaited|20_0(ResourceInvoker invoker, Task lastTask, State next, Scope scope, Object state, Boolean isCompleted)\n   at Microsoft.AspNetCore.Mvc.Infrastructure.ResourceInvoker.\u003CInvokeAsync\u003Eg__Awaited|17_0(ResourceInvoker invoker, Task task, IDisposable scope)\n   at Microsoft.AspNetCore.Mvc.Infrastructure.ResourceInvoker.\u003CInvokeAsync\u003Eg__Awaited|17_0(ResourceInvoker invoker, Task task, IDisposable scope)\n   at Microsoft.AspNetCore.Authorization.AuthorizationMiddleware.Invoke(HttpContext context)\n   at Microsoft.AspNetCore.Authentication.AuthenticationMiddleware.Invoke(HttpContext context)\n   at Swashbuckle.AspNetCore.SwaggerUI.SwaggerUIMiddleware.Invoke(HttpContext httpContext)\n   at Swashbuckle.AspNetCore.Swagger.SwaggerMiddleware.Invoke(HttpContext httpContext, ISwaggerProvider swaggerProvider)\n   at backend.Middleware.ExceptionLoggingMiddleware.InvokeAsync(HttpContext context) in /Users/daimis/Programing/PSI/PSI-trivia-2025/backend/Middleware/ExceptionLoggingMiddleware.cs:line 29",
  "Path": "/api/quizzes/my",
  "Method": "POST",
  "QueryString": "",
  "UserId": "test123",
  "AdditionalInfo": {
    "ValidationField": "Questions",
    "InvalidValue": 0
  }
}
---
{
  "Timestamp": "2025-11-18T19:23:54.1406600\u002B00:00",
  "ExceptionType": "QuizValidationException",
  "Message": "Quiz must contain at least one question.",
  "StackTrace": "   at backend.Services.QuizService.ValidateQuiz(Quiz quiz) in /Users/daimis/Programing/PSI/PSI-trivia-2025/backend/Services/QuizService.cs:line 40\n   at backend.Services.QuizService.CreateQuizAsync(Quiz quiz) in /Users/daimis/Programing/PSI/PSI-trivia-2025/backend/Services/QuizService.cs:line 147\n   at backend.Controllers.QuizController.Create(CreateQuizRequest request) in /Users/daimis/Programing/PSI/PSI-trivia-2025/backend/Controllers/QuizController.cs:line 97\n   at Microsoft.AspNetCore.Mvc.Infrastructure.ActionMethodExecutor.TaskOfIActionResultExecutor.Execute(ActionContext actionContext, IActionResultTypeMapper mapper, ObjectMethodExecutor executor, Object controller, Object[] arguments)\n   at Microsoft.AspNetCore.Mvc.Infrastructure.ControllerActionInvoker.\u003CInvokeActionMethodAsync\u003Eg__Awaited|12_0(ControllerActionInvoker invoker, ValueTask\u00601 actionResultValueTask)\n   at Microsoft.AspNetCore.Mvc.Infrastructure.ControllerActionInvoker.\u003CInvokeNextActionFilterAsync\u003Eg__Awaited|10_0(ControllerActionInvoker invoker, Task lastTask, State next, Scope scope, Object state, Boolean isCompleted)\n   at Microsoft.AspNetCore.Mvc.Infrastructure.ControllerActionInvoker.Rethrow(ActionExecutedContextSealed context)\n   at Microsoft.AspNetCore.Mvc.Infrastructure.ControllerActionInvoker.Next(State\u0026 next, Scope\u0026 scope, Object\u0026 state, Boolean\u0026 isCompleted)\n   at Microsoft.AspNetCore.Mvc.Infrastructure.ControllerActionInvoker.InvokeInnerFilterAsync()\n--- End of stack trace from previous location ---\n   at Microsoft.AspNetCore.Mvc.Infrastructure.ResourceInvoker.\u003CInvokeFilterPipelineAsync\u003Eg__Awaited|20_0(ResourceInvoker invoker, Task lastTask, State next, Scope scope, Object state, Boolean isCompleted)\n   at Microsoft.AspNetCore.Mvc.Infrastructure.ResourceInvoker.\u003CInvokeAsync\u003Eg__Awaited|17_0(ResourceInvoker invoker, Task task, IDisposable scope)\n   at Microsoft.AspNetCore.Mvc.Infrastructure.ResourceInvoker.\u003CInvokeAsync\u003Eg__Awaited|17_0(ResourceInvoker invoker, Task task, IDisposable scope)\n   at Microsoft.AspNetCore.Authorization.AuthorizationMiddleware.Invoke(HttpContext context)\n   at Microsoft.AspNetCore.Authentication.AuthenticationMiddleware.Invoke(HttpContext context)\n   at Swashbuckle.AspNetCore.SwaggerUI.SwaggerUIMiddleware.Invoke(HttpContext httpContext)\n   at Swashbuckle.AspNetCore.Swagger.SwaggerMiddleware.Invoke(HttpContext httpContext, ISwaggerProvider swaggerProvider)\n   at backend.Middleware.ExceptionLoggingMiddleware.InvokeAsync(HttpContext context) in /Users/daimis/Programing/PSI/PSI-trivia-2025/backend/Middleware/ExceptionLoggingMiddleware.cs:line 29",
  "Path": "/api/quizzes/my",
  "Method": "POST",
  "QueryString": "",
  "UserId": "test123",
  "AdditionalInfo": {
    "ValidationField": "Questions",
    "InvalidValue": 0
  }
}
---
{
  "Timestamp": "2025-11-18T19:24:44.6568550\u002B00:00",
  "ExceptionType": "QuizValidationException",
  "Message": "Quiz title cannot be empty or whitespace.",
  "StackTrace": "   at backend.Services.QuizService.ValidateQuiz(Quiz quiz) in /Users/daimis/Programing/PSI/PSI-trivia-2025/backend/Services/QuizService.cs:line 21\n   at backend.Services.QuizService.UpdateQuizAsync(Int32 quizId, Quiz updatedQuiz) in /Users/daimis/Programing/PSI/PSI-trivia-2025/backend/Services/QuizService.cs:line 171\n   at backend.Controllers.QuizController.Update(Int32 id, UpdateQuizRequest request) in /Users/daimis/Programing/PSI/PSI-trivia-2025/backend/Controllers/QuizController.cs:line 141\n   at Microsoft.AspNetCore.Mvc.Infrastructure.ActionMethodExecutor.TaskOfIActionResultExecutor.Execute(ActionContext actionContext, IActionResultTypeMapper mapper, ObjectMethodExecutor executor, Object controller, Object[] arguments)\n   at Microsoft.AspNetCore.Mvc.Infrastructure.ControllerActionInvoker.\u003CInvokeActionMethodAsync\u003Eg__Awaited|12_0(ControllerActionInvoker invoker, ValueTask\u00601 actionResultValueTask)\n   at Microsoft.AspNetCore.Mvc.Infrastructure.ControllerActionInvoker.\u003CInvokeNextActionFilterAsync\u003Eg__Awaited|10_0(ControllerActionInvoker invoker, Task lastTask, State next, Scope scope, Object state, Boolean isCompleted)\n   at Microsoft.AspNetCore.Mvc.Infrastructure.ControllerActionInvoker.Rethrow(ActionExecutedContextSealed context)\n   at Microsoft.AspNetCore.Mvc.Infrastructure.ControllerActionInvoker.Next(State\u0026 next, Scope\u0026 scope, Object\u0026 state, Boolean\u0026 isCompleted)\n   at Microsoft.AspNetCore.Mvc.Infrastructure.ControllerActionInvoker.InvokeInnerFilterAsync()\n--- End of stack trace from previous location ---\n   at Microsoft.AspNetCore.Mvc.Infrastructure.ResourceInvoker.\u003CInvokeFilterPipelineAsync\u003Eg__Awaited|20_0(ResourceInvoker invoker, Task lastTask, State next, Scope scope, Object state, Boolean isCompleted)\n   at Microsoft.AspNetCore.Mvc.Infrastructure.ResourceInvoker.\u003CInvokeAsync\u003Eg__Awaited|17_0(ResourceInvoker invoker, Task task, IDisposable scope)\n   at Microsoft.AspNetCore.Mvc.Infrastructure.ResourceInvoker.\u003CInvokeAsync\u003Eg__Awaited|17_0(ResourceInvoker invoker, Task task, IDisposable scope)\n   at Microsoft.AspNetCore.Authorization.AuthorizationMiddleware.Invoke(HttpContext context)\n   at Microsoft.AspNetCore.Authentication.AuthenticationMiddleware.Invoke(HttpContext context)\n   at Swashbuckle.AspNetCore.SwaggerUI.SwaggerUIMiddleware.Invoke(HttpContext httpContext)\n   at Swashbuckle.AspNetCore.Swagger.SwaggerMiddleware.Invoke(HttpContext httpContext, ISwaggerProvider swaggerProvider)\n   at backend.Middleware.ExceptionLoggingMiddleware.InvokeAsync(HttpContext context) in /Users/daimis/Programing/PSI/PSI-trivia-2025/backend/Middleware/ExceptionLoggingMiddleware.cs:line 29",
  "Path": "/api/quizzes/6",
  "Method": "PUT",
  "QueryString": "",
  "UserId": "test123",
  "AdditionalInfo": {
    "ValidationField": "Title",
    "InvalidValue": ""
  }
}
---
{
  "Timestamp": "2025-11-18T19:25:09.8235800\u002B00:00",
  "ExceptionType": "QuizValidationException",
  "Message": "Question #1: Question text cannot be empty.",
  "StackTrace": "   at backend.Services.QuizService.ValidateQuiz(Quiz quiz) in /Users/daimis/Programing/PSI/PSI-trivia-2025/backend/Services/QuizService.cs:line 56\n   at backend.Services.QuizService.UpdateQuizAsync(Int32 quizId, Quiz updatedQuiz) in /Users/daimis/Programing/PSI/PSI-trivia-2025/backend/Services/QuizService.cs:line 171\n   at backend.Controllers.QuizController.Update(Int32 id, UpdateQuizRequest request) in /Users/daimis/Programing/PSI/PSI-trivia-2025/backend/Controllers/QuizController.cs:line 141\n   at Microsoft.AspNetCore.Mvc.Infrastructure.ActionMethodExecutor.TaskOfIActionResultExecutor.Execute(ActionContext actionContext, IActionResultTypeMapper mapper, ObjectMethodExecutor executor, Object controller, Object[] arguments)\n   at Microsoft.AspNetCore.Mvc.Infrastructure.ControllerActionInvoker.\u003CInvokeActionMethodAsync\u003Eg__Awaited|12_0(ControllerActionInvoker invoker, ValueTask\u00601 actionResultValueTask)\n   at Microsoft.AspNetCore.Mvc.Infrastructure.ControllerActionInvoker.\u003CInvokeNextActionFilterAsync\u003Eg__Awaited|10_0(ControllerActionInvoker invoker, Task lastTask, State next, Scope scope, Object state, Boolean isCompleted)\n   at Microsoft.AspNetCore.Mvc.Infrastructure.ControllerActionInvoker.Rethrow(ActionExecutedContextSealed context)\n   at Microsoft.AspNetCore.Mvc.Infrastructure.ControllerActionInvoker.Next(State\u0026 next, Scope\u0026 scope, Object\u0026 state, Boolean\u0026 isCompleted)\n   at Microsoft.AspNetCore.Mvc.Infrastructure.ControllerActionInvoker.InvokeInnerFilterAsync()\n--- End of stack trace from previous location ---\n   at Microsoft.AspNetCore.Mvc.Infrastructure.ResourceInvoker.\u003CInvokeFilterPipelineAsync\u003Eg__Awaited|20_0(ResourceInvoker invoker, Task lastTask, State next, Scope scope, Object state, Boolean isCompleted)\n   at Microsoft.AspNetCore.Mvc.Infrastructure.ResourceInvoker.\u003CInvokeAsync\u003Eg__Awaited|17_0(ResourceInvoker invoker, Task task, IDisposable scope)\n   at Microsoft.AspNetCore.Mvc.Infrastructure.ResourceInvoker.\u003CInvokeAsync\u003Eg__Awaited|17_0(ResourceInvoker invoker, Task task, IDisposable scope)\n   at Microsoft.AspNetCore.Authorization.AuthorizationMiddleware.Invoke(HttpContext context)\n   at Microsoft.AspNetCore.Authentication.AuthenticationMiddleware.Invoke(HttpContext context)\n   at Swashbuckle.AspNetCore.SwaggerUI.SwaggerUIMiddleware.Invoke(HttpContext httpContext)\n   at Swashbuckle.AspNetCore.Swagger.SwaggerMiddleware.Invoke(HttpContext httpContext, ISwaggerProvider swaggerProvider)\n   at backend.Middleware.ExceptionLoggingMiddleware.InvokeAsync(HttpContext context) in /Users/daimis/Programing/PSI/PSI-trivia-2025/backend/Middleware/ExceptionLoggingMiddleware.cs:line 29",
  "Path": "/api/quizzes/6",
  "Method": "PUT",
  "QueryString": "",
  "UserId": "test123",
  "AdditionalInfo": {
    "ValidationField": "Questions[0].QuestionText",
    "InvalidValue": ""
  }
}
---
